INFO:PipelineWorker:🏗️ Pipeline Worker: Connected to Temporal at localhost:7233
INFO:PipelineWorker:🏗️ PIPELINE WORKER STARTED (Polling modular-orchestrator-queue)
[2m2026-04-06T00:05:41.065134Z[0m [33m WARN[0m [2mtemporalio_client::retry[0m[2m:[0m gRPC call poll_activity_task_queue retried 6 times [3merror[0m[2m=[0mStatus { code: Unknown, message: "transport error", source: Some(tonic::transport::Error(Transport, hyper::Error(Io, Kind(ConnectionReset)))) }
[2m2026-04-06T00:05:41.237562Z[0m [33m WARN[0m [2mtemporalio_client::retry[0m[2m:[0m gRPC call poll_activity_task_queue retried 6 times [3merror[0m[2m=[0mStatus { code: Unknown, message: "transport error", source: Some(tonic::transport::Error(Transport, hyper::Error(Io, Kind(ConnectionReset)))) }
[2m2026-04-06T00:05:41.327983Z[0m [33m WARN[0m [2mtemporalio_client::retry[0m[2m:[0m gRPC call poll_activity_task_queue retried 6 times [3merror[0m[2m=[0mStatus { code: Unknown, message: "transport error", source: Some(tonic::transport::Error(Transport, hyper::Error(Io, Kind(ConnectionReset)))) }
[2m2026-04-06T00:05:41.477209Z[0m [33m WARN[0m [2mtemporalio_client::retry[0m[2m:[0m gRPC call poll_workflow_task_queue retried 6 times [3merror[0m[2m=[0mStatus { code: Unknown, message: "transport error", source: Some(tonic::transport::Error(Transport, hyper::Error(Io, Kind(ConnectionReset)))) }
[2m2026-04-06T00:05:41.489426Z[0m [33m WARN[0m [2mtemporalio_client::retry[0m[2m:[0m gRPC call poll_workflow_task_queue retried 6 times [3merror[0m[2m=[0mStatus { code: Unknown, message: "transport error", source: Some(tonic::transport::Error(Transport, hyper::Error(Io, Kind(ConnectionReset)))) }
[2m2026-04-06T00:05:41.569309Z[0m [33m WARN[0m [2mtemporalio_client::retry[0m[2m:[0m gRPC call poll_workflow_task_queue retried 6 times [3merror[0m[2m=[0mStatus { code: Unknown, message: "transport error", source: Some(tonic::transport::Error(Transport, hyper::Error(Io, Kind(ConnectionReset)))) }
[2m2026-04-06T00:05:41.761242Z[0m [33m WARN[0m [2mtemporalio_client::retry[0m[2m:[0m gRPC call poll_activity_task_queue retried 6 times [3merror[0m[2m=[0mStatus { code: Unknown, message: "transport error", source: Some(tonic::transport::Error(Transport, hyper::Error(Io, Kind(ConnectionReset)))) }
[2m2026-04-06T00:05:41.802981Z[0m [33m WARN[0m [2mtemporalio_client::retry[0m[2m:[0m gRPC call poll_activity_task_queue retried 6 times [3merror[0m[2m=[0mStatus { code: Unknown, message: "transport error", source: Some(tonic::transport::Error(Transport, hyper::Error(Io, Kind(ConnectionReset)))) }
[2m2026-04-06T00:05:41.838407Z[0m [33m WARN[0m [2mtemporalio_client::retry[0m[2m:[0m gRPC call poll_workflow_task_queue retried 6 times [3merror[0m[2m=[0mStatus { code: Unknown, message: "transport error", source: Some(tonic::transport::Error(Transport, hyper::Error(Io, Kind(ConnectionReset)))) }
[2m2026-04-06T00:05:41.925024Z[0m [33m WARN[0m [2mtemporalio_client::retry[0m[2m:[0m gRPC call poll_workflow_task_queue retried 6 times [3merror[0m[2m=[0mStatus { code: Unknown, message: "transport error", source: Some(tonic::transport::Error(Transport, hyper::Error(Io, Kind(ConnectionReset)))) }
[2m2026-04-06T00:05:46.797264Z[0m [33m WARN[0m [2mtemporalio_client::retry[0m[2m:[0m gRPC call poll_workflow_task_queue retried 7 times [3merror[0m[2m=[0mStatus { code: Unknown, message: "transport error", source: Some(tonic::transport::Error(Transport, hyper::Error(Io, Kind(ConnectionReset)))) }
[2m2026-04-06T00:05:46.976084Z[0m [33m WARN[0m [2mtemporalio_client::retry[0m[2m:[0m gRPC call poll_activity_task_queue retried 7 times [3merror[0m[2m=[0mStatus { code: Unknown, message: "transport error", source: Some(tonic::transport::Error(Transport, hyper::Error(Io, Kind(ConnectionReset)))) }
[2m2026-04-06T00:05:47.044820Z[0m [33m WARN[0m [2mtemporalio_client::retry[0m[2m:[0m gRPC call poll_workflow_task_queue retried 7 times [3merror[0m[2m=[0mStatus { code: Unknown, message: "transport error", source: Some(tonic::transport::Error(Transport, hyper::Error(Io, Kind(ConnectionReset)))) }
[2m2026-04-06T00:05:47.176512Z[0m [33m WARN[0m [2mtemporalio_client::retry[0m[2m:[0m gRPC call poll_workflow_task_queue retried 7 times [3merror[0m[2m=[0mStatus { code: Unknown, message: "transport error", source: Some(tonic::transport::Error(Transport, hyper::Error(Io, Kind(ConnectionReset)))) }
[2m2026-04-06T00:05:49.206199Z[0m [33m WARN[0m [2mtemporalio_client::retry[0m[2m:[0m gRPC call poll_activity_task_queue retried 7 times [3merror[0m[2m=[0mStatus { code: Unavailable, message: "Frontend is not healthy yet", metadata: MetadataMap { headers: {"content-type": "application/grpc"} }, source: None }
[2m2026-04-06T00:05:49.205887Z[0m [33m WARN[0m [2mtemporalio_client::retry[0m[2m:[0m gRPC call poll_activity_task_queue retried 7 times [3merror[0m[2m=[0mStatus { code: Unavailable, message: "Frontend is not healthy yet", metadata: MetadataMap { headers: {"content-type": "application/grpc"} }, source: None }
[2m2026-04-06T00:05:49.206456Z[0m [33m WARN[0m [2mtemporalio_client::retry[0m[2m:[0m gRPC call poll_activity_task_queue retried 7 times [3merror[0m[2m=[0mStatus { code: Unavailable, message: "Frontend is not healthy yet", metadata: MetadataMap { headers: {"content-type": "application/grpc"} }, source: None }
[2m2026-04-06T00:05:49.206838Z[0m [33m WARN[0m [2mtemporalio_client::retry[0m[2m:[0m gRPC call poll_workflow_task_queue retried 7 times [3merror[0m[2m=[0mStatus { code: Unavailable, message: "Frontend is not healthy yet", metadata: MetadataMap { headers: {"content-type": "application/grpc"} }, source: None }
[2m2026-04-06T00:05:49.206837Z[0m [33m WARN[0m [2mtemporalio_client::retry[0m[2m:[0m gRPC call poll_workflow_task_queue retried 7 times [3merror[0m[2m=[0mStatus { code: Unavailable, message: "Frontend is not healthy yet", metadata: MetadataMap { headers: {"content-type": "application/grpc"} }, source: None }
[2m2026-04-06T00:05:49.206077Z[0m [33m WARN[0m [2mtemporalio_client::retry[0m[2m:[0m gRPC call poll_activity_task_queue retried 7 times [3merror[0m[2m=[0mStatus { code: Unavailable, message: "Frontend is not healthy yet", metadata: MetadataMap { headers: {"content-type": "application/grpc"} }, source: None }
